<?xml version="1.0" encoding="UTF-8" ?>
<testsuite errors="0" failures="0" hostname="John-Therrells-MacBook.local" name="designpatterns.SingletonTest" tests="2" time="0.075" timestamp="2011-02-22T19:23:52">
  <properties>
[...]
</properties>
  <testcase classname="designpatterns.SingletonTest" name="testGetInstance" time="0.0040" />
  <testcase classname="designpatterns.SingletonTest" name="testAddToFoo" time="0.0010" />
  <system-out><![CDATA[]]></system-out>
  <system-err><![CDATA[]]></system-err>
</testsuite>
